-------------------------------------------------------------------------------------------------------------------------------------------------------------------------------------------------------------------
      name:  <unnamed>
       log:  C:\Users\User\Documents\College\Econ-Ineq\KORUS Research\korus workspace\regression.log
  log type:  text
 opened on:  12 May 2022, 16:16:48

. import delimited "C:\Users\User\Documents\College\Econ-Ineq\KORUS Research\korus workspace\workfile_korea.csv", clear 
(193 vars, 1444 obs)
. summarize

    Variable |       Obs        Mean    Std. Dev.       Min        Max
-------------+--------------------------------------------------------
       czone |      1444    22132.33     11097.8        100      39400
    statefip |      1444    30.85873    14.98161          1         56
        city |         0
          yr |      1444        1995    5.001732       1990       2000
d_tradejak~w |       722    .4671353    1.423157  -3.125042   18.92231
-------------+--------------------------------------------------------
d_tradeusk~w |       722    .5203634    1.200107   -6.64353   11.04649
          t2 |      1444          .5    .5001732          0          1
   timepwt48 |      1444     .001385    .0038045   4.32e-06   .0588728
  reg_midatl |      1444    .0360111    .1863822          0          1
   reg_encen |      1444    .1163435    .3207475          0          1
-------------+--------------------------------------------------------
   reg_wncen |      1444     .232687    .4226908          0          1
    reg_satl |      1444    .1495845    .3567872          0          1
   reg_escen |      1444     .101108    .3015762          0          1
   reg_wscen |      1444    .1509695    .3581432          0          1
   reg_mount |      1444    .1301939    .3366332          0          1
-------------+--------------------------------------------------------
   reg_pacif |      1444    .0609418    .2393065          0          1
  l_popcount |      1444      364291     1002305    1208.16   1.64e+07
l_no_worke~p |      1444    142437.1    427904.8        124    6342961
l_shind_ma~p |      1444    20.57526    12.08567   .1082729   61.81967
l_sh_poped~c |      1444    45.25593    9.090543   19.94398   70.55532
-------------+--------------------------------------------------------
l_sh_popfb~n |      1444    4.963635    5.860676   .3845269   48.90823
 l_sh_empl_f |      1444    62.73593    7.055914   33.24326   79.60631
l_sh_rout~33 |      1444    28.56663    3.137474   19.99184   37.74758
l_task_out~e |      1444   -.5118329    .4269132  -1.635918   1.239722
   l_sh_empl |      1444    68.85231    6.224844   44.10145   82.44415
-------------+--------------------------------------------------------
l_sh_em~_mfg |      1444    11.31271    5.737295   2.018752   34.31207
l_sh_~_mfg_m |      1444    15.37467    7.384004   2.051677   42.50719
l_sh_~_mfg_f |      1444    7.341309    4.518168    1.15285   30.28766
l_sh_empl_.. |      1444    12.50552    6.482404   1.703675   39.66676
l_sh_empl_.. |      1444    9.633106    4.748574   2.070527   29.07735
-------------+--------------------------------------------------------
l_sh_empl_.. |      1444    10.58679    5.533265    1.67705   37.36683
l_sh_empl_.. |      1444    13.58781    6.869944   2.070207   37.29494
l_sh_empl_.. |      1444    9.402655    5.109732   1.345788   31.84648
l_sh_em~nmfg |      1444    57.53959    7.441834   38.43648   77.25841
l_sh_~nmfg_m |      1444    59.75317    8.221309   40.51907   82.02844
-------------+--------------------------------------------------------
l_sh_~nmfg_f |      1444    55.39462    7.715876   31.03115   72.57732
l_sh_empl_.. |      1444    49.40432    7.343517   29.37673   68.45329
l_sh_empl_.. |      1444    68.20642    5.650213   50.91804   82.87982
l_sh_empl_.. |      1444    54.82687    7.384123   33.40444   76.25107
l_sh_empl_.. |      1444     65.1976    7.795117    45.3623   84.43501
-------------+--------------------------------------------------------
l_sh_empl_.. |      1444    51.55003    8.410857   28.38486    71.5337
 l_sh_unempl |      1444    4.585244    1.231771   1.804983   10.64554
l_sh_unemp~m |      1444    5.101907     1.57407   1.903354   12.56095
l_sh_unemp~f |      1444    4.075498    1.115872   1.679311   10.07099
l_sh_unem~nc |      1444    5.767039    1.489929   2.043456   12.59373
-------------+--------------------------------------------------------
l_sh_unem~_c |      1444    3.091458    .9251069   1.003457   9.108673
l_sh_un~1634 |      1444     6.68071    1.761778   2.106488   14.07611
l_sh_un~3549 |      1444    3.535532    1.159113    1.21311   8.612236
l_sh_un~5064 |      1444    2.344057     .768597   .6186727   6.340127
   l_sh_nilf |      1444    26.56245    5.381374    14.6252   48.71703
-------------+--------------------------------------------------------
 l_sh_nilf_m |      1444    19.77026    5.433141    9.48633    43.8868
 l_sh_nilf_f |      1444    33.18857    6.281819   17.44147   62.04618
l_sh_nilf~nc |      1444    32.32312     5.74345   18.16223   56.80715
l_sh_nilf~_c |      1444    19.06902    4.362903   10.03049   37.81631
l_sh_ni~1634 |      1444    27.90562    5.983977   14.58826   51.45552
-------------+--------------------------------------------------------
l_sh_ni~3549 |      1444    17.67906    4.662139   8.435217   40.07682
l_sh_ni~5064 |      1444    36.70325    6.972709   20.38815   67.77887
l_sh_ssadi~s |      1444     2.80139    1.283732   .6988686   12.20805
l_avg_l~_mfg |      1444    6.422127    .1780164   5.892504   7.104128
l_avg_l~nmfg |      1444    6.266614    .1265738   5.987459    6.80582
-------------+--------------------------------------------------------
l_trans~v_pc |      1444    4004.168    927.5762   1517.879   7393.971
l_trans~d_pc |      1444    1437.674    516.8754    293.708   3672.472
l_trans_fe~c |      1444     251.961    149.0569   28.87683    1128.73
l_trans_ot~c |      1444    128.3781    75.33654   15.13058    501.248
l_trans_un~c |      1444    85.75142      51.417   .4714742    358.209
-------------+--------------------------------------------------------
l_trans_ta~c |      1444     .992426    .9978994   .0000201   12.13604
l_trans~u_pc |      1444    79.34445    36.97363   21.17375   344.8071
l_trans~t_pc |      1444    1318.669    356.2589   343.6667   2810.942
l_trans~s_pc |      1444     199.121    102.7352   27.08703   1186.057
l_av~m_pc_pw |      1444    27707.12    5542.322   15434.96   54837.46
-------------+--------------------------------------------------------
l_av~e_pc_pw |      1444    19902.25     4302.68   11067.86    40008.4
l_tradeusc~w |      1444    .7434752    1.468405          0   41.06735
l_tradeotc~w |      1444    .7386264    .9577014   3.77e-07   14.70163
d_t~eusch_pw |      1444    1.905606    2.583024  -.6289579   43.08461
d_tradeotc.. |      1444     1.75464    2.084503  -.7233335   28.65516
-------------+--------------------------------------------------------
lnchg_popw~e |      1444    8.802312    10.40561  -26.37239   64.57513
lnchg_pop~_c |      1444    20.28506    12.60972  -23.32872   75.21988
lnchg_pop~nc |      1444   -.7051303    11.80893  -38.39273   56.20884
lnchg_p~1634 |      1444    1.167642    14.79525  -53.13209   63.84938
lnchg_p~3549 |      1444    5.409568    20.20111  -46.58916   66.18369
-------------+--------------------------------------------------------
lnchg_p~5064 |      1444    25.90866    13.48587  -15.00375   87.31656
  d_popcount |      1444    42429.88    138196.4  -339077.9    1886671
   d_sh_empl |      1444    1.021048    3.244193  -8.682634   15.18616
d_sh_em~_mfg |      1444   -1.623098    2.506206  -19.16707   6.350542
d_sh_em~nmfg |      1444    2.644146     2.87675   -8.12093   16.22042
-------------+--------------------------------------------------------
d_sh_~_mfg_m |      1444   -1.734966    3.114663  -20.92694   8.565785
d_sh_~nmfg_m |      1444    1.256821    4.002722  -14.34658   16.23358
d_sh_~_mfg_f |      1444   -1.553394    2.401759  -17.12859   6.544023
d_sh_~nmfg_f |      1444      3.9934    3.050385  -3.843486   18.67815
d_sh_empl_.. |      1444   -1.628769    3.059319  -18.83822   8.988966
-------------+--------------------------------------------------------
d_sh_empl_.. |      1444    2.137611    4.034474  -10.72873   16.40873
d~_mfg_edu_c |      1444   -1.231282    2.230529  -17.16155    6.19534
d~nmfg_edu_c |      1444     1.16707    2.917246  -10.59595   13.08983
d_sh_empl_.. |      1444   -2.435226    3.007819  -23.30203    5.37867
d_sh_empl_.. |      1444    2.518684    4.324032  -11.69107   18.35529
-------------+--------------------------------------------------------
d_sh_empl_.. |      1444   -1.533723    3.037543  -17.40652   10.25713
d_sh_empl_.. |      1444    1.802309    3.798553  -9.419399   20.68589
d_sh_empl_.. |      1444   -.3163558    2.457112  -12.15516   9.055779
d_sh_empl_.. |      1444    4.714761     3.44305  -5.804977   18.67445
~_empl_edu_c |      1444   -.0642118    3.129536  -13.27876   14.31967
-------------+--------------------------------------------------------
d_sh_empl_.. |      1444    .5088417    4.423369  -12.71066   17.07923
 d_sh_unempl |      1444   -.0956772    1.362435  -5.204206   5.491393
d_sh_unemp~m |      1444    -.201976    1.770202  -7.885624   6.287237
d_sh_unemp~f |      1444    .0073145    1.250478  -3.806086   6.208962
d_sh_unem~nc |      1444    .0847563    1.930776  -6.557454   6.803833
-------------+--------------------------------------------------------
d_sh_unem~_c |      1444    .0160916    1.163164  -9.672512   5.244934
d_sh_un~1634 |      1444    .1872792     2.11579  -10.30511   10.25814
d_sh_un~3549 |      1444   -.0197394    1.421403  -4.770183    4.82984
d_sh_un~5064 |      1444    -.061598    1.060654  -3.496135   5.020276
   d_sh_nilf |      1444   -.9253711    2.713729  -14.70105   7.988328
-------------+--------------------------------------------------------
 d_sh_nilf_m |      1444    .6801216    3.533952  -17.92036   13.74826
 d_sh_nilf_f |      1444    -2.44732    3.150421  -18.71419   7.735223
d_sh_nilf~nc |      1444   -.5935979    3.699025  -14.74785   9.722265
d_sh_nilf~_c |      1444    .0481203    2.876979  -12.93475   11.06197
d_sh_ni~1634 |      1444   -.2707373    3.895819   -19.8389   13.08079
-------------+--------------------------------------------------------
d_sh_ni~3549 |      1444   -.2488466    3.233734  -17.04495   9.549366
d_sh_ni~5064 |      1444   -4.336808    3.514376  -16.14592    10.1079
d_sh_ssadi~s |      1444    1.411992    .8311966   -.978321   5.642881
d_avg_lnwk~e |      1444    8.117155    6.652195  -10.63054   37.52332
d_avg_ln~e_c |      1444    7.520659    6.779722  -15.68712   37.38708
-------------+--------------------------------------------------------
d_avg_l~e_nc |      1444    5.284933    7.735048  -18.03439   25.90427
d_avg_ln~e_m |      1444    6.256709    7.133598  -15.88127   38.85837
d_avg_ln~e_f |      1444    11.98767    7.643005  -8.684091   39.39099
d_avg_l~_c_m |      1444    6.566979    7.774008  -26.94552   39.19682
d_avg_l~_c_f |      1444     11.2261    7.720562   -12.8543   36.41882
-------------+--------------------------------------------------------
d_avg_l~nc_m |      1444    3.541592    8.484674  -22.22729   31.71015
d_avg_l~nc_f |      1444     7.03489    9.020104  -17.24965   32.44429
d_avg_l~_mfg |      1444    8.842382    9.727793  -45.94347    49.3382
d_avg~_mfg_c |      1444    9.418005    13.16225   -37.4774   74.86323
d_av~_mfg_nc |      1444     5.32816    10.76159  -53.58273   59.57651
-------------+--------------------------------------------------------
d_avg_l~nmfg |      1444    8.527983    6.701621  -10.99178   36.57899
d_avg~nmfg_c |      1444    7.718994     6.80088  -16.67643   35.62617
d_av~nmfg_nc |      1444    5.963836    7.717131  -16.96587   27.26943
lnchg_no_e~l |      1444     10.2913    11.03649  -33.00544   66.22231
lnchg_n~_mfg |      1444   -5.354284    23.13647  -92.09126   145.1118
-------------+--------------------------------------------------------
lnchg_n~nmfg |      1444    13.44256    11.53494    -32.983   67.49086
lnchg_no_e.. |      1444   -13.31451     27.4738   -164.489   155.5628
lnchg_no_e.. |      1444    3.624382     14.5996  -42.19847   65.32774
lnchg_no_e.. |      1444    6.890441    26.97359  -121.2618    132.915
lnchg_no_e.. |      1444    22.02091    13.26656  -23.40765    88.0056
-------------+--------------------------------------------------------
lnchg_no_u~l |      1444     6.44772     32.1166  -125.7723   118.1588
lnchg_no_n~f |      1444    4.952972    16.06726  -44.93233   75.70083
lnchg_no_s~s |      1444    50.30851     15.3806  -40.54651   109.8612
lnchg_t~v_pc |      1444    34.07712    10.50956  -5.487682   72.18747
lnchg_t~d_pc |      1444    55.90996    13.45507   7.739948   141.0887
-------------+--------------------------------------------------------
lnch~dinc_pc |      1444    7.773459    28.71655  -101.5305   144.0291
lnch~hinc_pc |      1444    74.30359    30.42507  -43.31728   229.7817
lnchg~emp_pc |      1444    7.792998     48.7495  -521.9044   520.4167
lnchg~imp_pc |      1436    76.29142    160.1399  -716.1483   1061.924
lnchg_t~u_pc |      1444     34.3937    33.88789  -131.8326   203.0285
-------------+--------------------------------------------------------
lnchg_t~t_pc |      1444    16.42679    9.396757  -22.38837   61.01035
lnchg_t~s_pc |      1444    50.87254    15.88034  -40.29764    164.428
d_trans~v_pc |      1444    1613.902     699.169   -253.201   4151.294
d_trans~d_pc |      1444    1025.631    436.0297   121.9933    3234.47
d_trans_fe~c |      1444    20.13629    69.47635  -237.0465   361.9141
-------------+--------------------------------------------------------
d_trans_ot~c |      1444    120.0334    68.56997  -91.43178   776.8784
d_trans_un~c |      1444     7.15109    38.80033  -246.7717   161.8819
d_trans_ta~c |      1444    1.220143    2.646165  -5.520617   19.46755
d_trans~u_pc |      1444    32.53735    38.50934  -131.9554   382.0117
d_trans~t_pc |      1444    226.9854    143.5754    -303.53   897.0308
-------------+--------------------------------------------------------
d_trans~s_pc |      1444    127.1227    74.89819  -76.13031   579.9284
relchg_avg.. |      1444    11.78406    12.38959  -22.09979    75.5742
relchg_avg.. |      1444    12.93416    12.62485  -20.78359   63.67167
relc~v_pc_pw |      1444    3.865415    25.88728  -68.85236   119.2055
relc~s_pc_pw |      1444    15.59218    20.58769  -50.62119   102.7424
-------------+--------------------------------------------------------
relc~t_pc_pw |      1444    39.40925    25.62551  -38.01802   124.0779
relchg_med.. |      1444    8.842094      11.855  -25.59679   68.86353
relchg_med.. |      1444    9.325453    16.79332  -29.41315   109.9947
d_av~m_pc_pw |      1444    2962.316    3288.844  -8457.171    19660.3
d_av~e_pc_pw |      1444    2347.662     2293.55  -5690.231   10408.33
-------------+--------------------------------------------------------
d_av~v_pc_pw |      1444    118.8164     1625.28  -8072.109   9530.875
d_av~s_pc_pw |      1444    111.6311    155.0419  -307.8771   894.3575
d_av~t_pc_pw |      1444    384.2073    235.3987  -439.1245   1398.809
d_me~m_pc_pw |      1444    1738.528     2469.82  -6691.331   11700.35
d_me~e_pc_pw |      1444    1260.876    2542.417  -8030.773   9079.414
-------------+--------------------------------------------------------
d_tradex_u~w |      1444     2.07306    2.787846   -.604148   45.74342
d_tradex_o~g |      1444    1.939939    2.312759   -.708439   30.70959
d_trade~t_pw |      1444    1.524086    2.327095  -2.079087   41.96115
d_inputotc~g |      1444    .4006825    .4422405  -.0263266   3.917506
d_netimpus~w |      1444    1.623337    2.514062  -2.856775    42.2266
-------------+--------------------------------------------------------
d_expotch_~g |      1444    1.168309    1.884675  -.4532339   37.13346
d_traderes~g |      1444    1.447636    2.590205          0    39.0176
d_nettrade~o |      1444    1.621785    2.413376   -1.11658   35.75473
d_tradefac~o |      1444    1.712101    2.065127  -1.020549   24.04724
d_expfacto~o |      1444    .7915914    1.113362  -.2816014   14.21497
-------------+--------------------------------------------------------
d_trade~w_pw |      1444    2.216651     2.80694  -.5873106   42.45042
d_t~w_pw_lag |      1444     1.98316    2.319568   -2.24757   28.63367
d_tra~hce_pw |      1444     2.80697    3.137701  -2.385249   43.39468
d~hce_pw_lag |      1444    1.804062    2.128487  -.6963979    28.7231
d_tra~sce_pw |      1444     .901364    1.511514  -6.336742   12.59598
-------------+--------------------------------------------------------
d~tce_pw_lag |      1444     .049422    .1413757  -1.519587   1.447995
d_tradeush~w |      1444    2.807413    5.704844  -35.08014   100.3713
d_tradeoth~g |      1444    4.360758    9.435776  -24.39507    144.994

. ivregress 2sls d_sh_empl_mfg (d_tradeuskor_pw=d_tradejakor_pw) l_shind_manuf_cbp reg* l_sh_popedu_c l_sh_popfborn l_sh_empl_f l_sh_routine33 l_task_outsource if t2==0 [aw=timepwt48], cluster(statefip) first
(sum of wgt is   1.0000e+00)

First-stage regressions
-----------------------

                                                  Number of obs   =        722
                                                  N. of clusters  =        233
                                                  F(  15,    706) =      30.67
                                                  Prob > F        =     0.0000
                                                  R-squared       =     0.4493
                                                  Adj R-squared   =     0.4376
                                                  Root MSE        =     0.7460

-----------------------------------------------------------------------------------
                  |               Robust
  d_tradeuskor_pw |      Coef.   Std. Err.      t    P>|t|     [95% Conf. Interval]
------------------+----------------------------------------------------------------
l_shind_manuf_cbp |   .0216135   .0065062     3.32   0.001     .0088396    .0343874
       reg_midatl |   .1530486   .1238394     1.24   0.217     -.090089    .3961861
        reg_encen |   1.004217   .2762526     3.64   0.000     .4618425    1.546592
        reg_wncen |   .5110909   .1711176     2.99   0.003     .1751306    .8470513
         reg_satl |   .3967716    .121018     3.28   0.001     .1591734    .6343697
        reg_escen |   .5384477   .2961064     1.82   0.069    -.0429068    1.119802
        reg_wscen |   .3838284   .1553319     2.47   0.014     .0788607    .6887962
        reg_mount |   .1227856   .1796928     0.68   0.495    -.2300106    .4755819
        reg_pacif |   .2496552   .1733035     1.44   0.150    -.0905968    .5899072
    l_sh_popedu_c |   .0214053   .0173542     1.23   0.218    -.0126667    .0554773
    l_sh_popfborn |  -.0157628   .0065657    -2.40   0.017    -.0286534   -.0028722
      l_sh_empl_f |   -.020141   .0252569    -0.80   0.425    -.0697287    .0294467
   l_sh_routine33 |   .0986974   .0221796     4.45   0.000     .0551515    .1422434
 l_task_outsource |  -.3956996   .1534373    -2.58   0.010    -.6969476   -.0944516
  d_tradejakor_pw |   .4107717   .0275853    14.89   0.000     .3566126    .4649309
            _cons |  -3.209135   1.026574    -3.13   0.002    -5.224639   -1.193631
-----------------------------------------------------------------------------------


Instrumental variables (2SLS) regression               Number of obs =     722
                                                       Wald chi2(15) = 1026.60
                                                       Prob > chi2   =  0.0000
                                                       R-squared     =  0.4862
                                                       Root MSE      =  1.1657

                                   (Std. Err. adjusted for 48 clusters in statefip)
-----------------------------------------------------------------------------------
                  |               Robust
    d_sh_empl_mfg |      Coef.   Std. Err.      z    P>|z|     [95% Conf. Interval]
------------------+----------------------------------------------------------------
  d_tradeuskor_pw |  -.1913896   .1087421    -1.76   0.078    -.4045203     .021741
l_shind_manuf_cbp |  -.0740427    .014435    -5.13   0.000    -.1023347   -.0457506
       reg_midatl |   .8816561    .269795     3.27   0.001     .3528676    1.410445
        reg_encen |    2.84628    .413062     6.89   0.000     2.036693    3.655866
        reg_wncen |    2.20956   .4394186     5.03   0.000     1.348315    3.070805
         reg_satl |   .3442434   .3517053     0.98   0.328    -.3450863    1.033573
        reg_escen |   1.559948   .4859768     3.21   0.001      .607451    2.512445
        reg_wscen |   1.435278   .3097638     4.63   0.000     .8281524    2.042404
        reg_mount |    .984124   .2964308     3.32   0.001     .4031304    1.565118
        reg_pacif |   .6990229   .3780007     1.85   0.064    -.0418449    1.439891
    l_sh_popedu_c |   .0128756   .0161214     0.80   0.424    -.0187218    .0444731
    l_sh_popfborn |  -.0101819   .0136345    -0.75   0.455     -.036905    .0165412
      l_sh_empl_f |   .0193652   .0291532     0.66   0.507     -.037774    .0765044
   l_sh_routine33 |  -.1573476   .0627612    -2.51   0.012    -.2803574   -.0343379
 l_task_outsource |  -.8543714   .4192321    -2.04   0.042    -1.676051   -.0326916
            _cons |   1.746748   2.293258     0.76   0.446    -2.747955    6.241452
-----------------------------------------------------------------------------------
Instrumented:  d_tradeuskor_pw
Instruments:   l_shind_manuf_cbp reg_midatl reg_encen reg_wncen reg_satl
               reg_escen reg_wscen reg_mount reg_pacif l_sh_popedu_c
               l_sh_popfborn l_sh_empl_f l_sh_routine33 l_task_outsource
               d_tradejakor_pw

. log close
      name:  <unnamed>
       log:  C:\Users\User\Documents\College\Econ-Ineq\KORUS Research\korus workspace\regression.log
  log type:  text
 closed on:  12 May 2022, 16:58:56
-------------------------------------------------------------------------------------------------------------------------------------------------------------------------------------------------------------------
